MyApplication/MyApplication/weixin60/build/outputs/logs/manifest-merger-debug-report.txt
-- Merging decision tree log ---
manifest
ADDED from MyApplication\weixin60\AndroidManifest.xml:2:1-26:12
	package
		ADDED from MyApplication\weixin60\AndroidManifest.xml:3:5-36
	android:versionName
		ADDED from MyApplication\weixin60\AndroidManifest.xml:5:5-30
		INJECTED from MyApplication\weixin60\AndroidManifest.xml
		INJECTED from MyApplication\weixin60\AndroidManifest.xml
	android:versionCode
		ADDED from MyApplication\weixin60\AndroidManifest.xml:4:5-28
		INJECTED from MyApplication\weixin60\AndroidManifest.xml
		INJECTED from MyApplication\weixin60\AndroidManifest.xml
	xmlns:android
		ADDED from MyApplication\weixin60\AndroidManifest.xml:2:11-69
uses-sdk
ADDED from MyApplication\weixin60\AndroidManifest.xml:7:5-9:41
	android:targetSdkVersion
		ADDED from MyApplication\weixin60\AndroidManifest.xml:9:9-38
	android:minSdkVersion
		ADDED from MyApplication\weixin60\AndroidManifest.xml:8:9-35
application
ADDED from MyApplication\weixin60\AndroidManifest.xml:11:5-24:19
	android:label
		ADDED from MyApplication\weixin60\AndroidManifest.xml:15:9-47
	android:allowBackup
		ADDED from MyApplication\weixin60\AndroidManifest.xml:12:9-35
	android:icon
		ADDED from MyApplication\weixin60\AndroidManifest.xml:13:9-45
	android:theme
		ADDED from MyApplication\weixin60\AndroidManifest.xml:14:9-40
activity#xianjie.shen.weixin60.MainActivity
ADDED from MyApplication\weixin60\AndroidManifest.xml:16:9-22:20
	android:name
		ADDED from MyApplication\weixin60\AndroidManifest.xml:16:19-68
intent-filter#android.intent.action.MAIN+android.intent.category.LAUNCHER
ADDED from MyApplication\weixin60\AndroidManifest.xml:17:13-21:29
action#android.intent.action.MAIN
ADDED from MyApplication\weixin60\AndroidManifest.xml:18:17-69
	android:name
		ADDED from MyApplication\weixin60\AndroidManifest.xml:18:25-66
category#android.intent.category.LAUNCHER
ADDED from MyApplication\weixin60\AndroidManifest.xml:20:17-77
	android:name
		ADDED from MyApplication\weixin60\AndroidManifest.xml:20:27-74
activity#xianjie.shen.weixin60.SecActivity
ADDED from MyApplication\weixin60\AndroidManifest.xml:23:9-58
	android:name
		ADDED from MyApplication\weixin60\AndroidManifest.xml:23:19-46